[2025-10-30 10:29:30.937] [INFO] [dev.kostromdan.mods.crash_assistant.app.CrashAssistantApp]: CrashAssistantApp running: JVM args: [-XX:+UseSerialGC, -XX:MaxHeapFreeRatio=30, -XX:MinHeapFreeRatio=10, -XX:MaxGCPauseMillis=10000, -Xms8m, -Xmx512m]
[2025-10-30 10:29:30.938] [INFO] [dev.kostromdan.mods.crash_assistant.app.CrashAssistantApp]: CrashAssistantApp running: program args: [-jarPath, local\crash_assistant\36048_1761816560212_app.jar, -parentPID, 36048, -parentStarted, 1761816560212, -platform, FORGE, -loaderJarName, forge-1.12.2-14.23.5.2860-universal.jar, -minecraftVersion, 1.12.2, -childProcessesPIDs, VU5ERUZJTkVE, -crashAssistantModJarName, !!!CrashAssistant-forge-1.12.2-1.10.10.jar, -classPath, local\crash_assistant\36048_1761816560212_app.jar;local\crash_assistant\36048_1761816560212_mod.jar;E:\VsCodeRepos\mc_launcher\runtime\profiles\dtm\libraries\org\apache\logging\log4j\log4j-api\2.15.0\log4j-api-2.15.0.jar;E:\VsCodeRepos\mc_launcher\runtime\profiles\dtm\libraries\org\apache\logging\log4j\log4j-core\2.15.0\log4j-core-2.15.0.jar;E:\VsCodeRepos\mc_launcher\runtime\profiles\dtm\libraries\commons-io\commons-io\2.5\commons-io-2.5.jar;E:\VsCodeRepos\mc_launcher\runtime\profiles\dtm\libraries\net\java\dev\jna\jna\4.4.0\jna-4.4.0.jar;E:\VsCodeRepos\mc_launcher\runtime\profiles\dtm\libraries\net\java\dev\jna\platform\3.4.0\platform-3.4.0.jar, -parentXms, 4096M, -parentXmx, 8192M, -systemRAM, 31.8g, -processor, QU1EIFJ5emVuIDcgNzQzNUhTIA==, -serialisedGPUs, VnVsa2FuIEdQVSBkZXRlY3Rpb24gYWRkb24gbm90IGZvdW5kLCBmYWxsaW5nIGJhY2sgdG8gRGlyZWN0WApTdWNjZXNzZnVsbHkgZGV0ZWN0ZWQgR1BVcyB1c2luZyBEaXJlY3RYOgpERURJQ0FURUQgOiBOVklESUEgR2VGb3JjZSBSVFggNDA1MCBMYXB0b3AgR1BVCg0K]
[2025-10-30 10:29:30.940] [INFO] [dev.kostromdan.mods.crash_assistant.app.CrashAssistantApp]: CrashAssistantApp running from: E:\VsCodeRepos\mc_launcher\runtime\profiles\dtm
[2025-10-30 10:29:30.940] [INFO] [dev.kostromdan.mods.crash_assistant.app.CrashAssistantApp]: crashAssistantJarName: !!!CrashAssistant-forge-1.12.2-1.10.10.jar
[2025-10-30 10:29:30.940] [INFO] [dev.kostromdan.mods.crash_assistant.app.CrashAssistantApp]: Parent PID: 36048
[2025-10-30 10:29:30.940] [INFO] [dev.kostromdan.mods.crash_assistant.app.CrashAssistantApp]: Parent started: 1761816560212
[2025-10-30 10:29:31.372] [INFO] [dev.kostromdan.mods.crash_assistant.app.CrashAssistantApp]: Platform: FORGE
[2025-10-30 10:29:31.372] [INFO] [dev.kostromdan.mods.crash_assistant.app.CrashAssistantApp]: loaderJarName: forge-1.12.2-14.23.5.2860-universal.jar
[2025-10-30 10:29:31.372] [INFO] [dev.kostromdan.mods.crash_assistant.app.CrashAssistantApp]: minecraftVersion: 1.12.2
[2025-10-30 10:29:31.373] [INFO] [dev.kostromdan.mods.crash_assistant.app.CrashAssistantApp]: childProcessesPIDs: UNDEFINED
[2025-10-30 10:29:31.373] [INFO] [dev.kostromdan.mods.crash_assistant.app.CrashAssistantApp]: parentXms: 4096M
[2025-10-30 10:29:31.373] [INFO] [dev.kostromdan.mods.crash_assistant.app.CrashAssistantApp]: parentXmx: 8192M
[2025-10-30 10:29:31.373] [INFO] [dev.kostromdan.mods.crash_assistant.app.CrashAssistantApp]: systemRAM: 31.8g
[2025-10-30 10:29:31.373] [INFO] [dev.kostromdan.mods.crash_assistant.app.CrashAssistantApp]: processor: AMD Ryzen 7 7435HS 
[2025-10-30 10:29:31.373] [INFO] [dev.kostromdan.mods.crash_assistant.app.CrashAssistantApp]: Boot.serialisedGPUs:
Vulkan GPU detection addon not found, falling back to DirectX
Successfully detected GPUs using DirectX:
DEDICATED : NVIDIA GeForce RTX 4050 Laptop GPU


[2025-10-30 10:29:31.374] [INFO] [dev.kostromdan.mods.crash_assistant.app.CrashAssistantApp]: os.name: windows 11
[2025-10-30 10:29:31.385] [INFO] [dev.kostromdan.mods.crash_assistant.app.CrashAssistantApp]: Java path: C:\Program Files (x86)\Common Files\Oracle\Java\javapath_target_31001343\java.exe
[2025-10-30 10:29:31.385] [INFO] [dev.kostromdan.mods.crash_assistant.app.CrashAssistantApp]: Java version: 1.8.0_401-b10
[2025-10-30 10:29:31.408] [INFO] [dev.kostromdan.mods.crash_assistant.app.CrashAssistantApp]: CrashAssistantApp started successfully. Waiting for PID 36048 to stop.
[2025-10-30 10:29:50.737] [INFO] [dev.kostromdan.mods.crash_assistant.app.CrashAssistantApp]: PID "36048" is not alive or reused by another process. Minecraft JVM appears to have stopped.
[2025-10-30 10:29:50.776] [INFO] [dev.kostromdan.mods.crash_assistant.app.CrashAssistantApp]: Adding crash_assistant_app.log from E:\VsCodeRepos\mc_launcher\runtime\profiles\dtm\logs\crash_assistant\crash_assistant_app.log
[2025-10-30 10:29:50.776] [INFO] [dev.kostromdan.mods.crash_assistant.app.CrashAssistantApp]: Reached first tick of TitleScreen: false
[2025-10-30 10:29:50.776] [INFO] [dev.kostromdan.mods.crash_assistant.app.CrashAssistantApp]: Joined world successfully: false
[2025-10-30 10:29:50.777] [INFO] [dev.kostromdan.mods.crash_assistant.app.CrashAssistantApp]: stop() function of Minecraft fired: false
[2025-10-30 10:29:50.777] [INFO] [dev.kostromdan.mods.crash_assistant.app.CrashAssistantApp]: close() function of Minecraft failed: false
[2025-10-30 10:29:50.777] [INFO] [dev.kostromdan.mods.crash_assistant.app.CrashAssistantApp]: emergencySave() function of Minecraft fired: false
[2025-10-30 10:29:50.794] [INFO] [dev.kostromdan.mods.crash_assistant.app.CrashAssistantApp]: isModpackCreator: false
[2025-10-30 10:29:50.796] [INFO] [dev.kostromdan.mods.crash_assistant.app.CrashAssistantApp]: isHelpLinkDefault: true
[2025-10-30 10:29:50.797] [INFO] [dev.kostromdan.mods.crash_assistant.app.CrashAssistantApp]: helpLink: https://discord.gg/sgQxDJdrnY
[2025-10-30 10:29:50.798] [INFO] [dev.kostromdan.mods.crash_assistant.app.CrashAssistantApp]: Seems like Minecraft crashed without any crash report. Starting Crash Assistant app.
[2025-10-30 10:29:51.602] [INFO] [dev.kostromdan.mods.crash_assistant.app.CrashAssistantApp]: CrashAssistantGUI took to start: 0.864 seconds.
[2025-10-30 10:29:51.730] [WARN] [CrashAssistantJarInJarHelper]: Failed to parse descriptor letmedespawn-1.12.2-forge-1.0.2.jar/mcmod.info in?memory
com.google.gson.JsonSyntaxException: com.google.gson.stream.MalformedJsonException: Unterminated object at line 10 column 22 path $[0].authorList
	at com.google.gson.internal.Streams.parse(Streams.java:61) ~[36048_1761816560212_app.jar:?]
	at com.google.gson.JsonParser.parseReader(JsonParser.java:102) ~[36048_1761816560212_app.jar:?]
	at com.google.gson.JsonParser.parseReader(JsonParser.java:70) ~[36048_1761816560212_app.jar:?]
	at com.google.gson.JsonParser.parseString(JsonParser.java:51) ~[36048_1761816560212_app.jar:?]
	at com.google.gson.JsonParser.parse(JsonParser.java:115) ~[36048_1761816560212_app.jar:?]
	at dev.kostromdan.mods.crash_assistant.common_config.mod_list.ModDataParser.loadConfigFromBytes(ModDataParser.java:421) ~[36048_1761816560212_mod.jar:?]
	at dev.kostromdan.mods.crash_assistant.common_config.mod_list.ModDataParser.parseDescriptorsAndBuildMod(ModDataParser.java:272) ~[36048_1761816560212_mod.jar:?]
	at dev.kostromdan.mods.crash_assistant.common_config.mod_list.ModDataParser.parseJarFile(ModDataParser.java:168) ~[36048_1761816560212_mod.jar:?]
	at dev.kostromdan.mods.crash_assistant.common_config.mod_list.ModDataParser.parseModData(ModDataParser.java:105) ~[36048_1761816560212_mod.jar:?]
	at dev.kostromdan.mods.crash_assistant.common_config.mod_list.ModListUtils.lambda$null$1(ModListUtils.java:52) ~[36048_1761816560212_mod.jar:?]
	at java.util.concurrent.FutureTask.run(Unknown Source) [?:1.8.0_401]
	at java.util.concurrent.ThreadPoolExecutor.runWorker(Unknown Source) [?:1.8.0_401]
	at java.util.concurrent.ThreadPoolExecutor$Worker.run(Unknown Source) [?:1.8.0_401]
	at java.lang.Thread.run(Unknown Source) [?:1.8.0_401]
Caused by: com.google.gson.stream.MalformedJsonException: Unterminated object at line 10 column 22 path $[0].authorList
	at com.google.gson.stream.JsonReader.syntaxError(JsonReader.java:1659) ~[36048_1761816560212_app.jar:?]
	at com.google.gson.stream.JsonReader.doPeek(JsonReader.java:500) ~[36048_1761816560212_app.jar:?]
	at com.google.gson.stream.JsonReader.hasNext(JsonReader.java:422) ~[36048_1761816560212_app.jar:?]
	at com.google.gson.internal.bind.TypeAdapters$28.read(TypeAdapters.java:779) ~[36048_1761816560212_app.jar:?]
	at com.google.gson.internal.bind.TypeAdapters$28.read(TypeAdapters.java:725) ~[36048_1761816560212_app.jar:?]
	at com.google.gson.internal.Streams.parse(Streams.java:49) ~[36048_1761816560212_app.jar:?]
	... 13 more
[2025-10-30 10:29:51.873] [WARN] [CrashAssistantJarInJarHelper]: Failed to parse version from mcmod.info of HammerLib-1.12.2-12.2.58.jar
[2025-10-30 10:29:51.875] [INFO] [dev.kostromdan.mods.crash_assistant.common_config.mod_list.ModListUtils]: Parsed 122 mod(s) metadata in 257 ms
[2025-10-30 10:29:51.903] [INFO] [dev.kostromdan.mods.crash_assistant.app.CrashAssistantApp]: Adding modlist.txt from E:\VsCodeRepos\mc_launcher\runtime\profiles\dtm\logs\modlist.txt
[2025-10-30 10:29:51.967] [INFO] [dev.kostromdan.mods.crash_assistant.app.CrashAssistantApp]: Reading finished in 1 ms
[2025-10-30 10:29:51.969] [INFO] [dev.kostromdan.mods.crash_assistant.app.CrashAssistantApp]: Analysis finished in 29 ms
[2025-10-30 10:29:54.373] [INFO] [dev.kostromdan.mods.crash_assistant.app.CrashAssistantApp]: Crash Assistant closed.
